2019-01-01T21:47:34+00:00 CRITICAL Uncaught CF7GSC_Google_AuthException: Error fetching OAuth2 access token, message: 'invalid_grant' in /bitnami/wordpress/wp-content/plugins/cf7-google-sheets-connector/lib/php-google-oauth/auth/Google_OAuth2.php:112
Stack trace:
#0 /bitnami/wordpress/wp-content/plugins/cf7-google-sheets-connector/lib/php-google-oauth/Google_Client.php(128): CF7GSC_Google_OAuth2->authenticate(Array, '4/xgBi-kfbIegX3...')
#1 /bitnami/wordpress/wp-content/plugins/cf7-google-sheets-connector/lib/google-sheets.php(27): CF7GSC_Google_Client->authenticate('4/xgBi-kfbIegX3...')
#2 /bitnami/wordpress/wp-content/plugins/cf7-google-sheets-connector/includes/class-gs-service.php(52): CF7GSC_googlesheet::preauth('4/xgBi-kfbIegX3...')
#3 /opt/bitnami/wordpress/wp-includes/class-wp-hook.php(286): Gs_Connector_Service->verify_gs_integation('')
#4 /opt/bitnami/wordpress/wp-includes/class-wp-hook.php(310): WP_Hook->apply_filters('', Array)
#5 /opt/bitnami/wordpress/wp-includes/plugin.php(453): WP_Hook->do_action(Array)
#6 /opt/bitnami/wordpres in /bitnami/wordpress/wp-content/plugins/cf7-google-sheets-connector/lib/php-google-oauth/auth/Google_OAuth2.php on line 112

2019-01-01T22:11:59+00:00 CRITICAL Uncaught CF7GSC_Google_AuthException: Error fetching OAuth2 access token, message: 'invalid_grant' in /bitnami/wordpress/wp-content/plugins/cf7-google-sheets-connector/lib/php-google-oauth/auth/Google_OAuth2.php:112
Stack trace:
#0 /bitnami/wordpress/wp-content/plugins/cf7-google-sheets-connector/lib/php-google-oauth/Google_Client.php(128): CF7GSC_Google_OAuth2->authenticate(Array, '4/xgAnFW5KA0Ulz...')
#1 /bitnami/wordpress/wp-content/plugins/cf7-google-sheets-connector/lib/google-sheets.php(27): CF7GSC_Google_Client->authenticate('4/xgAnFW5KA0Ulz...')
#2 /bitnami/wordpress/wp-content/plugins/cf7-google-sheets-connector/includes/class-gs-service.php(52): CF7GSC_googlesheet::preauth('4/xgAnFW5KA0Ulz...')
#3 /opt/bitnami/wordpress/wp-includes/class-wp-hook.php(286): Gs_Connector_Service->verify_gs_integation('')
#4 /opt/bitnami/wordpress/wp-includes/class-wp-hook.php(310): WP_Hook->apply_filters('', Array)
#5 /opt/bitnami/wordpress/wp-includes/plugin.php(453): WP_Hook->do_action(Array)
#6 /opt/bitnami/wordpres in /bitnami/wordpress/wp-content/plugins/cf7-google-sheets-connector/lib/php-google-oauth/auth/Google_OAuth2.php on line 112

2019-01-01T22:24:18+00:00 CRITICAL Uncaught Error: Call to a member function makeRequest() on null in /bitnami/wordpress/wp-content/plugins/cf7-google-sheets-connector/lib/php-google-oauth/auth/Google_OAuth2.php:92
Stack trace:
#0 /bitnami/wordpress/wp-content/plugins/cf-google-sheets/lib/php-google-oauth/Google_Client.php(128): CF7GSC_Google_OAuth2->authenticate(Array, '4/xgB5NywBm-3fz...')
#1 /bitnami/wordpress/wp-content/plugins/cf-google-sheets/lib/google-sheets.php(27): CFGS_Google_Client->authenticate('4/xgB5NywBm-3fz...')
#2 /bitnami/wordpress/wp-content/plugins/cf-google-sheets/includes/class-cfgs-service.php(44): cfgooglesheet::preauth('4/xgB5NywBm-3fz...')
#3 /opt/bitnami/wordpress/wp-includes/class-wp-hook.php(286): Cfgs_Connector_Service->verify_gs_integation('')
#4 /opt/bitnami/wordpress/wp-includes/class-wp-hook.php(310): WP_Hook->apply_filters('', Array)
#5 /opt/bitnami/wordpress/wp-includes/plugin.php(453): WP_Hook->do_action(Array)
#6 /opt/bitnami/wordpress/wp-admin/admin-ajax.php(99): do_action('wp_ajax_verify_...')
#7 {main} in /bitnami/wordpress/wp-content/plugins/cf7-google-sheets-connector/lib/php-google-oauth/auth/Google_OAuth2.php on line 92

